<?xml version="1.0" encoding="UTF-8"?>
<testng-results ignored="0" total="11" passed="10" failed="1" skipped="0">
  <reporter-output>
  </reporter-output>
  <suite started-at="2024-05-28T12:57:37 IST" name="Default suite" finished-at="2024-05-28T13:02:05 IST" duration-ms="267448">
    <groups>
    </groups>
    <test started-at="2024-05-28T12:57:37 IST" name="Default test" finished-at="2024-05-28T13:02:05 IST" duration-ms="267448">
      <class name="com.Runner.Amazon">
        <test-method is-config="true" signature="extentReportStartUp()[pri:0, instance:com.Runner.Amazon@368247b9]" started-at="2024-05-28T12:57:37 IST" name="extentReportStartUp" finished-at="2024-05-28T12:57:37 IST" duration-ms="277" status="PASS">
          <reporter-output>
          </reporter-output>
        </test-method> <!-- extentReportStartUp -->
        <test-method is-config="true" signature="setUp()[pri:0, instance:com.Runner.Amazon@368247b9]" started-at="2024-05-28T12:57:37 IST" name="setUp" finished-at="2024-05-28T12:57:40 IST" duration-ms="2802" status="PASS">
          <reporter-output>
          </reporter-output>
        </test-method> <!-- setUp -->
        <test-method signature="inValidEmailId()[pri:1, instance:com.Runner.Amazon@368247b9]" started-at="2024-05-28T12:57:40 IST" name="inValidEmailId" finished-at="2024-05-28T12:58:04 IST" duration-ms="24297" status="PASS">
          <reporter-output>
          </reporter-output>
        </test-method> <!-- inValidEmailId -->
        <test-method signature="validEmailIdAndInvalidPassword()[pri:2, instance:com.Runner.Amazon@368247b9]" started-at="2024-05-28T12:58:04 IST" name="validEmailIdAndInvalidPassword" finished-at="2024-05-28T12:58:26 IST" duration-ms="21530" status="PASS">
          <reporter-output>
          </reporter-output>
        </test-method> <!-- validEmailIdAndInvalidPassword -->
        <test-method signature="emailIdWithEmptyText()[pri:3, instance:com.Runner.Amazon@368247b9]" started-at="2024-05-28T12:58:26 IST" name="emailIdWithEmptyText" finished-at="2024-05-28T12:58:31 IST" duration-ms="4532" status="PASS">
          <reporter-output>
          </reporter-output>
        </test-method> <!-- emailIdWithEmptyText -->
        <test-method signature="validEmailIdWithEmptyPassword()[pri:4, instance:com.Runner.Amazon@368247b9]" started-at="2024-05-28T12:58:31 IST" name="validEmailIdWithEmptyPassword" finished-at="2024-05-28T12:58:37 IST" duration-ms="6410" status="PASS">
          <reporter-output>
          </reporter-output>
        </test-method> <!-- validEmailIdWithEmptyPassword -->
        <test-method signature="validLoginTest()[pri:5, instance:com.Runner.Amazon@368247b9]" started-at="2024-05-28T12:58:37 IST" name="validLoginTest" finished-at="2024-05-28T12:58:49 IST" duration-ms="11868" status="FAIL">
          <exception class="java.lang.AssertionError">
            <full-stacktrace>
              <![CDATA[java.lang.AssertionError
at org.junit.Assert.fail(Assert.java:86)
at org.junit.Assert.assertTrue(Assert.java:41)
at org.junit.Assert.assertTrue(Assert.java:52)
at com.Runner.Amazon.validLoginTest(Amazon.java:41)
at java.base/jdk.internal.reflect.NativeMethodAccessorImpl.invoke0(Native Method)
at java.base/jdk.internal.reflect.NativeMethodAccessorImpl.invoke(NativeMethodAccessorImpl.java:77)
at java.base/jdk.internal.reflect.DelegatingMethodAccessorImpl.invoke(DelegatingMethodAccessorImpl.java:43)
at java.base/java.lang.reflect.Method.invoke(Method.java:568)
at org.testng.internal.MethodInvocationHelper.invokeMethod(MethodInvocationHelper.java:133)
at org.testng.internal.TestInvoker.invokeMethod(TestInvoker.java:598)
at org.testng.internal.TestInvoker.invokeTestMethod(TestInvoker.java:173)
at org.testng.internal.MethodRunner.runInSequence(MethodRunner.java:46)
at org.testng.internal.TestInvoker$MethodInvocationAgent.invoke(TestInvoker.java:824)
at org.testng.internal.TestInvoker.invokeTestMethods(TestInvoker.java:146)
at org.testng.internal.TestMethodWorker.invokeTestMethods(TestMethodWorker.java:146)
at org.testng.internal.TestMethodWorker.run(TestMethodWorker.java:128)
at java.base/java.util.ArrayList.forEach(ArrayList.java:1511)
at org.testng.TestRunner.privateRun(TestRunner.java:794)
at org.testng.TestRunner.run(TestRunner.java:596)
at org.testng.SuiteRunner.runTest(SuiteRunner.java:377)
at org.testng.SuiteRunner.runSequentially(SuiteRunner.java:371)
at org.testng.SuiteRunner.privateRun(SuiteRunner.java:332)
at org.testng.SuiteRunner.run(SuiteRunner.java:276)
at org.testng.SuiteRunnerWorker.runSuite(SuiteRunnerWorker.java:53)
at org.testng.SuiteRunnerWorker.run(SuiteRunnerWorker.java:96)
at org.testng.TestNG.runSuitesSequentially(TestNG.java:1212)
at org.testng.TestNG.runSuitesLocally(TestNG.java:1134)
at org.testng.TestNG.runSuites(TestNG.java:1063)
at org.testng.TestNG.run(TestNG.java:1031)
at org.testng.remote.AbstractRemoteTestNG.run(AbstractRemoteTestNG.java:115)
at org.testng.remote.RemoteTestNG.initAndRun(RemoteTestNG.java:293)
at org.testng.remote.RemoteTestNG.main(RemoteTestNG.java:91)
]]>
            </full-stacktrace>
          </exception> <!-- java.lang.AssertionError -->
          <reporter-output>
          </reporter-output>
        </test-method> <!-- validLoginTest -->
        <test-method signature="searchProduct()[pri:6, instance:com.Runner.Amazon@368247b9]" started-at="2024-05-28T12:58:49 IST" name="searchProduct" finished-at="2024-05-28T12:59:51 IST" duration-ms="61140" status="PASS">
          <reporter-output>
          </reporter-output>
        </test-method> <!-- searchProduct -->
        <test-method signature="searchProduct2()[pri:7, instance:com.Runner.Amazon@368247b9]" started-at="2024-05-28T12:59:51 IST" name="searchProduct2" finished-at="2024-05-28T13:01:13 IST" duration-ms="82064" status="PASS">
          <reporter-output>
          </reporter-output>
        </test-method> <!-- searchProduct2 -->
        <test-method signature="searchProduct3()[pri:8, instance:com.Runner.Amazon@368247b9]" started-at="2024-05-28T13:01:14 IST" name="searchProduct3" finished-at="2024-05-28T13:01:34 IST" duration-ms="19700" status="PASS">
          <reporter-output>
          </reporter-output>
        </test-method> <!-- searchProduct3 -->
        <test-method signature="searchProductWithInvalidName()[pri:9, instance:com.Runner.Amazon@368247b9]" started-at="2024-05-28T13:01:34 IST" name="searchProductWithInvalidName" finished-at="2024-05-28T13:01:37 IST" duration-ms="2981" status="PASS">
          <reporter-output>
          </reporter-output>
        </test-method> <!-- searchProductWithInvalidName -->
        <test-method signature="makePayment()[pri:10, instance:com.Runner.Amazon@368247b9]" started-at="2024-05-28T13:01:37 IST" name="makePayment" finished-at="2024-05-28T13:01:59 IST" duration-ms="22078" status="PASS">
          <reporter-output>
          </reporter-output>
        </test-method> <!-- makePayment -->
        <test-method signature="amazonSignOut()[pri:11, instance:com.Runner.Amazon@368247b9]" started-at="2024-05-28T13:02:00 IST" name="amazonSignOut" finished-at="2024-05-28T13:02:04 IST" duration-ms="3950" status="PASS">
          <reporter-output>
          </reporter-output>
        </test-method> <!-- amazonSignOut -->
        <test-method is-config="true" signature="BrowserClose()[pri:0, instance:com.Runner.Amazon@368247b9]" started-at="2024-05-28T13:02:04 IST" name="BrowserClose" finished-at="2024-05-28T13:02:05 IST" duration-ms="310" status="PASS">
          <reporter-output>
          </reporter-output>
        </test-method> <!-- BrowserClose -->
        <test-method is-config="true" signature="extentReportEnd()[pri:0, instance:com.Runner.Amazon@368247b9]" started-at="2024-05-28T13:02:05 IST" name="extentReportEnd" finished-at="2024-05-28T13:02:06 IST" duration-ms="1720" status="PASS">
          <reporter-output>
          </reporter-output>
        </test-method> <!-- extentReportEnd -->
      </class> <!-- com.Runner.Amazon -->
    </test> <!-- Default test -->
  </suite> <!-- Default suite -->
</testng-results>
